<?xml version="1.0" encoding="UTF-8"?>
<!-- Generated by org.testng.reporters.JUnitReportReporter -->
<testsuite skipped="0" hostname="GPC-F8844TR" name="JavaBasics.PS1" tests="1" failures="0" timestamp="15 Jun 2023 17:07:49 GMT" time="0.018" errors="0">
  <testcase name="testRun" time="0.018" classname="JavaBasics.PS1"/>
</testsuite> <!-- JavaBasics.PS1 -->
